<?xml version="1.0" encoding="UTF-8"?>
<!-- Generated by org.testng.reporters.JUnitXMLReporter -->
<testsuite ignored="0" hostname="DESKTOP-NLMCJCQ" failures="1" tests="2" name="Linux_firefox" time="33.327" errors="0" timestamp="2024-11-22T19:28:57 IST">
  <testcase classname="testcases.TC001_AccountRegistrationTest" name="verifyAccountRegistrationTest" time="2.501">
    <failure type="java.lang.AssertionError" message="expected [true] but found [false]">
      <![CDATA[java.lang.AssertionError: expected [true] but found [false]
at testcases.TC001_AccountRegistrationTest.verifyAccountRegistrationTest(TC001_AccountRegistrationTest.java:45)
at java.base/java.util.ArrayList.forEach(ArrayList.java:1511)
... Removed 31 stack frames]]>
    </failure>
  </testcase> <!-- verifyAccountRegistrationTest -->
  <testcase classname="testcases.TC002_LoginTest" name="verifyLogin" time="1.93"/>
</testsuite> <!-- Linux_firefox -->
